#
# There is insufficient memory for the Java Runtime Environment to continue.
# Native memory allocation (malloc) failed to allocate 32744 bytes for ChunkPool::allocate
# Possible reasons:
#   The system is out of physical RAM or swap space
#   In 32 bit mode, the process size limit was hit
# Possible solutions:
#   Reduce memory load on the system
#   Increase physical memory or swap space
#   Check if swap backing store is full
#   Use 64 bit Java on a 64 bit OS
#   Decrease Java heap size (-Xmx/-Xms)
#   Decrease number of Java threads
#   Decrease Java thread stack sizes (-Xss)
#   Set larger code cache with -XX:ReservedCodeCacheSize=
# This output file may be truncated or incomplete.
#
#  Out of Memory Error (allocation.cpp:273), pid=4736, tid=0x0000000000004ccc
#
# JRE version: Java(TM) SE Runtime Environment (8.0_131-b11) (build 1.8.0_131-b11)
# Java VM: Java HotSpot(TM) 64-Bit Server VM (25.131-b11 mixed mode windows-amd64 compressed oops)
# Failed to write core dump. Minidumps are not enabled by default on client versions of Windows
#

---------------  T H R E A D  ---------------

Current thread (0x000000001c1c4000):  JavaThread "C2 CompilerThread0" daemon [_thread_in_native, id=19660, stack(0x000000001df80000,0x000000001e080000)]

Stack: [0x000000001df80000,0x000000001e080000]
[error occurred during error reporting (printing stack bounds), id 0xc0000005]

Native frames: (J=compiled Java code, j=interpreted, Vv=VM code, C=native code)


Current CompileTask:
C2:  11675 3493   !   4       java.net.URLClassLoader$1::run (63 bytes)


---------------  P R O C E S S  ---------------

Java Threads: ( => current thread )
  0x000000001e1ac800 JavaThread "Service Thread" daemon [_thread_blocked, id=23340, stack(0x000000001e680000,0x000000001e780000)]
  0x000000001e188800 JavaThread "C1 CompilerThread2" daemon [_thread_blocked, id=24056, stack(0x000000001e580000,0x000000001e680000)]
  0x000000001c1ca000 JavaThread "C2 CompilerThread1" daemon [_thread_in_native, id=3404, stack(0x000000001e080000,0x000000001e180000)]
=>0x000000001c1c4000 JavaThread "C2 CompilerThread0" daemon [_thread_in_native, id=19660, stack(0x000000001df80000,0x000000001e080000)]
  0x000000001c1c2800 JavaThread "Attach Listener" daemon [_thread_blocked, id=22616, stack(0x000000001de80000,0x000000001df80000)]
  0x000000001c1c1000 JavaThread "Signal Dispatcher" daemon [_thread_blocked, id=14580, stack(0x000000001dd80000,0x000000001de80000)]
  0x0000000002c6c800 JavaThread "Finalizer" daemon [_thread_blocked, id=15716, stack(0x000000001d430000,0x000000001d530000)]
  0x0000000002c61800 JavaThread "Reference Handler" daemon [_thread_blocked, id=8372, stack(0x000000001d330000,0x000000001d430000)]
  0x0000000002b72800 JavaThread "main" [_thread_in_vm, id=2852, stack(0x0000000002a40000,0x0000000002b40000)]

Other Threads:
  0x000000001c188000 VMThread [stack: 0x000000001d230000,0x000000001d330000] [id=20936]
  0x000000001e1d0000 WatcherThread [stack: 0x000000001e780000,0x000000001e880000] [id=17668]

VM state:not at safepoint (normal execution)

VM Mutex/Monitor currently owned by a thread: None

Heap:
 PSYoungGen      total 75776K, used 19877K [0x000000076b800000, 0x0000000774c00000, 0x00000007c0000000)
  eden space 65024K, 14% used [0x000000076b800000,0x000000076c0ed4c8,0x000000076f780000)
  from space 10752K, 99% used [0x0000000770200000,0x0000000770c7c030,0x0000000770c80000)
  to   space 10752K, 0% used [0x000000076f780000,0x000000076f780000,0x0000000770200000)
 ParOldGen       total 173568K, used 8533K [0x00000006c2800000, 0x00000006cd180000, 0x000000076b800000)
  object space 173568K, 4% used [0x00000006c2800000,0x00000006c3055600,0x00000006cd180000)
 Metaspace       used 18531K, capacity 19046K, committed 19328K, reserved 1067008K
  class space    used 2156K, capacity 2337K, committed 2432K, reserved 1048576K

Card table byte_map: [0x0000000012030000,0x0000000012820000] byte_map_base: 0x000000000ea1c000

Marking Bits: (ParMarkBitMap*) 0x00000000719ec720
 Begin Bits: [0x0000000013170000, 0x00000000170d0000)
 End Bits:   [0x00000000170d0000, 0x000000001b030000)

Polling page: 0x00000000025b0000

CodeCache: size=245760Kb used=13200Kb max_used=13207Kb free=232559Kb
 bounds [0x0000000002c70000, 0x0000000003970000, 0x0000000011c70000]
 total_blobs=3839 nmethods=3457 adapters=294
 compilation: enabled

Compilation events (10 events):
Event: 11.556 Thread 0x000000001e188800 3491       3       java.net.URI::match (56 bytes)
Event: 11.556 Thread 0x000000001e188800 nmethod 3491 0x0000000003943250 code [0x00000000039433c0, 0x00000000039436d0]
Event: 11.595 Thread 0x000000001c1ca000 3492   !   4       java.net.URLClassLoader::findClass (47 bytes)
Event: 11.596 Thread 0x000000001c1c4000 3493   !   4       java.net.URLClassLoader$1::run (63 bytes)
Event: 11.599 Thread 0x000000001c1ca000 nmethod 3492 0x000000000395d290 code [0x000000000395d420, 0x000000000395d618]
Event: 11.600 Thread 0x000000001e188800 3494       3       java.lang.ClassLoader::loadClass (7 bytes)
Event: 11.600 Thread 0x000000001e188800 nmethod 3494 0x0000000002d7c650 code [0x0000000002d7c7c0, 0x0000000002d7c9e8]
Event: 11.603 Thread 0x000000001e188800 3495       3       java.lang.Enum::<init> (15 bytes)
Event: 11.603 Thread 0x000000001e188800 nmethod 3495 0x0000000002d7c290 code [0x0000000002d7c3e0, 0x0000000002d7c5b0]
Event: 11.627 Thread 0x000000001c1ca000 3496       4       java.net.URLClassLoader$1::run (5 bytes)

GC Heap History (8 events):
Event: 2.747 GC heap before
{Heap before GC invocations=1 (full 0):
 PSYoungGen      total 75776K, used 65024K [0x000000076b800000, 0x0000000770c80000, 0x00000007c0000000)
  eden space 65024K, 100% used [0x000000076b800000,0x000000076f780000,0x000000076f780000)
  from space 10752K, 0% used [0x0000000770200000,0x0000000770200000,0x0000000770c80000)
  to   space 10752K, 0% used [0x000000076f780000,0x000000076f780000,0x0000000770200000)
 ParOldGen       total 173568K, used 0K [0x00000006c2800000, 0x00000006cd180000, 0x000000076b800000)
  object space 173568K, 0% used [0x00000006c2800000,0x00000006c2800000,0x00000006cd180000)
 Metaspace       used 11717K, capacity 11912K, committed 12160K, reserved 1060864K
  class space    used 1460K, capacity 1540K, committed 1664K, reserved 1048576K
Event: 2.761 GC heap after
Heap after GC invocations=1 (full 0):
 PSYoungGen      total 75776K, used 10076K [0x000000076b800000, 0x0000000770c80000, 0x00000007c0000000)
  eden space 65024K, 0% used [0x000000076b800000,0x000000076b800000,0x000000076f780000)
  from space 10752K, 93% used [0x000000076f780000,0x00000007701570f8,0x0000000770200000)
  to   space 10752K, 0% used [0x0000000770200000,0x0000000770200000,0x0000000770c80000)
 ParOldGen       total 173568K, used 16K [0x00000006c2800000, 0x00000006cd180000, 0x000000076b800000)
  object space 173568K, 0% used [0x00000006c2800000,0x00000006c2804000,0x00000006cd180000)
 Metaspace       used 11717K, capacity 11912K, committed 12160K, reserved 1060864K
  class space    used 1460K, capacity 1540K, committed 1664K, reserved 1048576K
}
Event: 4.849 GC heap before
{Heap before GC invocations=2 (full 0):
 PSYoungGen      total 75776K, used 75100K [0x000000076b800000, 0x0000000770c80000, 0x00000007c0000000)
  eden space 65024K, 100% used [0x000000076b800000,0x000000076f780000,0x000000076f780000)
  from space 10752K, 93% used [0x000000076f780000,0x00000007701570f8,0x0000000770200000)
  to   space 10752K, 0% used [0x0000000770200000,0x0000000770200000,0x0000000770c80000)
 ParOldGen       total 173568K, used 16K [0x00000006c2800000, 0x00000006cd180000, 0x000000076b800000)
  object space 173568K, 0% used [0x00000006c2800000,0x00000006c2804000,0x00000006cd180000)
 Metaspace       used 14971K, capacity 15206K, committed 15488K, reserved 1062912K
  class space    used 1819K, capacity 1913K, committed 1920K, reserved 1048576K
Event: 4.899 GC heap after
Heap after GC invocations=2 (full 0):
 PSYoungGen      total 75776K, used 10749K [0x000000076b800000, 0x0000000770c80000, 0x00000007c0000000)
  eden space 65024K, 0% used [0x000000076b800000,0x000000076b800000,0x000000076f780000)
  from space 10752K, 99% used [0x0000000770200000,0x0000000770c7f4b0,0x0000000770c80000)
  to   space 10752K, 0% used [0x000000076f780000,0x000000076f780000,0x0000000770200000)
 ParOldGen       total 173568K, used 723K [0x00000006c2800000, 0x00000006cd180000, 0x000000076b800000)
  object space 173568K, 0% used [0x00000006c2800000,0x00000006c28b4ca0,0x00000006cd180000)
 Metaspace       used 14971K, capacity 15206K, committed 15488K, reserved 1062912K
  class space    used 1819K, capacity 1913K, committed 1920K, reserved 1048576K
}
Event: 7.175 GC heap before
{Heap before GC invocations=3 (full 0):
 PSYoungGen      total 75776K, used 75773K [0x000000076b800000, 0x0000000770c80000, 0x00000007c0000000)
  eden space 65024K, 100% used [0x000000076b800000,0x000000076f780000,0x000000076f780000)
  from space 10752K, 99% used [0x0000000770200000,0x0000000770c7f4b0,0x0000000770c80000)
  to   space 10752K, 0% used [0x000000076f780000,0x000000076f780000,0x0000000770200000)
 ParOldGen       total 173568K, used 723K [0x00000006c2800000, 0x00000006cd180000, 0x000000076b800000)
  object space 173568K, 0% used [0x00000006c2800000,0x00000006c28b4ca0,0x00000006cd180000)
 Metaspace       used 15772K, capacity 16036K, committed 16384K, reserved 1062912K
  class space    used 1870K, capacity 1950K, committed 2048K, reserved 1048576K
Event: 7.200 GC heap after
Heap after GC invocations=3 (full 0):
 PSYoungGen      total 75776K, used 10736K [0x000000076b800000, 0x0000000770c80000, 0x00000007c0000000)
  eden space 65024K, 0% used [0x000000076b800000,0x000000076b800000,0x000000076f780000)
  from space 10752K, 99% used [0x000000076f780000,0x00000007701fc050,0x0000000770200000)
  to   space 10752K, 0% used [0x0000000770200000,0x0000000770200000,0x0000000770c80000)
 ParOldGen       total 173568K, used 3622K [0x00000006c2800000, 0x00000006cd180000, 0x000000076b800000)
  object space 173568K, 2% used [0x00000006c2800000,0x00000006c2b89868,0x00000006cd180000)
 Metaspace       used 15772K, capacity 16036K, committed 16384K, reserved 1062912K
  class space    used 1870K, capacity 1950K, committed 2048K, reserved 1048576K
}
Event: 11.303 GC heap before
{Heap before GC invocations=4 (full 0):
 PSYoungGen      total 75776K, used 75760K [0x000000076b800000, 0x0000000770c80000, 0x00000007c0000000)
  eden space 65024K, 100% used [0x000000076b800000,0x000000076f780000,0x000000076f780000)
  from space 10752K, 99% used [0x000000076f780000,0x00000007701fc050,0x0000000770200000)
  to   space 10752K, 0% used [0x0000000770200000,0x0000000770200000,0x0000000770c80000)
 ParOldGen       total 173568K, used 3622K [0x00000006c2800000, 0x00000006cd180000, 0x000000076b800000)
  object space 173568K, 2% used [0x00000006c2800000,0x00000006c2b89868,0x00000006cd180000)
 Metaspace       used 17712K, capacity 18290K, committed 18432K, reserved 1064960K
  class space    used 2055K, capacity 2233K, committed 2304K, reserved 1048576K
Event: 11.329 GC heap after
Heap after GC invocations=4 (full 0):
 PSYoungGen      total 75776K, used 10736K [0x000000076b800000, 0x0000000774c00000, 0x00000007c0000000)
  eden space 65024K, 0% used [0x000000076b800000,0x000000076b800000,0x000000076f780000)
  from space 10752K, 99% used [0x0000000770200000,0x0000000770c7c030,0x0000000770c80000)
  to   space 10752K, 0% used [0x000000076f780000,0x000000076f780000,0x0000000770200000)
 ParOldGen       total 173568K, used 8533K [0x00000006c2800000, 0x00000006cd180000, 0x000000076b800000)
  object space 173568K, 4% used [0x00000006c2800000,0x00000006c3055600,0x00000006cd180000)
 Metaspace       used 17712K, capacity 18290K, committed 18432K, reserved 1064960K
  class space    used 2055K, capacity 2233K, committed 2304K, reserved 1048576K
}

Deoptimization events (10 events):
Event: 7.763 Thread 0x0000000002b72800 Uncommon trap: reason=null_check action=make_not_entrant pc=0x00000000035c9784 method=org.eclipse.sisu.plexus.ClassRealmManager.visibleRealmNames(Lorg/codehaus/plexus/classworlds/realm/ClassRealm;)Ljava/util/Set; @ 19
Event: 9.469 Thread 0x0000000002b72800 Uncommon trap: reason=bimorphic action=maybe_recompile pc=0x00000000031eb8cc method=java.util.concurrent.ConcurrentHashMap.get(Ljava/lang/Object;)Ljava/lang/Object; @ 149
Event: 9.747 Thread 0x0000000002b72800 Uncommon trap: reason=class_check action=maybe_recompile pc=0x0000000003656c5c method=org.eclipse.sisu.wire.EntryListAdapter$ValueIterator.hasNext()Z @ 4
Event: 10.008 Thread 0x0000000002b72800 Uncommon trap: reason=bimorphic action=maybe_recompile pc=0x000000000321207c method=java.util.regex.Pattern$CharProperty.match(Ljava/util/regex/Matcher;ILjava/lang/CharSequence;)Z @ 37
Event: 10.017 Thread 0x0000000002b72800 Uncommon trap: reason=null_check action=make_not_entrant pc=0x00000000035c45fc method=org.eclipse.sisu.plexus.ClassRealmManager.visibleRealmNames(Lorg/codehaus/plexus/classworlds/realm/ClassRealm;)Ljava/util/Set; @ 19
Event: 11.136 Thread 0x0000000002b72800 Uncommon trap: reason=class_check action=maybe_recompile pc=0x0000000003656c5c method=org.eclipse.sisu.wire.EntryListAdapter$ValueIterator.hasNext()Z @ 4
Event: 11.291 Thread 0x0000000002b72800 Uncommon trap: reason=bimorphic action=maybe_recompile pc=0x000000000321207c method=java.util.regex.Pattern$CharProperty.match(Ljava/util/regex/Matcher;ILjava/lang/CharSequence;)Z @ 37
Event: 11.300 Thread 0x0000000002b72800 Uncommon trap: reason=unstable_if action=reinterpret pc=0x00000000034ae9c8 method=com.google.inject.internal.InjectorImpl.callInContext(Lcom/google/inject/internal/ContextualCallable;)Ljava/lang/Object; @ 161
Event: 11.556 Thread 0x0000000002b72800 Uncommon trap: reason=unstable_if action=reinterpret pc=0x0000000002d96588 method=java.net.URI.match(CJJ)Z @ 19
Event: 11.557 Thread 0x0000000002b72800 Uncommon trap: reason=unstable_if action=reinterpret pc=0x00000000035e7288 method=java.nio.charset.CharsetDecoder.decode(Ljava/nio/ByteBuffer;Ljava/nio/CharBuffer;Z)Ljava/nio/charset/CoderResult; @ 1

Internal exceptions (10 events):
Event: 3.357 Thread 0x0000000002b72800 Exception <a 'java/lang/NullPointerException'> (0x000000076c669970) thrown at [C:\re\workspace\8-2-build-windows-amd64-cygwin\jdk8u131\8869\hotspot\src\share\vm\interpreter\linkResolver.cpp, line 1197]
Event: 3.813 Thread 0x0000000002b72800 Implicit null exception at 0x0000000003230f27 to 0x0000000003232245
Event: 5.196 Thread 0x0000000002b72800 Implicit null exception at 0x000000000304ea95 to 0x000000000304ec99
Event: 5.196 Thread 0x0000000002b72800 Implicit null exception at 0x0000000002fb876f to 0x0000000002fb87d9
Event: 5.241 Thread 0x0000000002b72800 Implicit null exception at 0x0000000003455c43 to 0x0000000003455e8d
Event: 5.462 Thread 0x0000000002b72800 Implicit null exception at 0x0000000003419c0f to 0x000000000341a12d
Event: 7.763 Thread 0x0000000002b72800 Implicit null exception at 0x00000000035c8fa2 to 0x00000000035c9769
Event: 10.017 Thread 0x0000000002b72800 Implicit null exception at 0x00000000035c44ca to 0x00000000035c45ef
Event: 11.300 Thread 0x0000000002b72800 Implicit null exception at 0x00000000034ad737 to 0x00000000034ae9a9
Event: 11.555 Thread 0x0000000002b72800 Exception <a 'java/lang/ClassNotFoundException': com/sun/tools/javac/api/JavacTool> (0x000000076bebb448) thrown at [C:\re\workspace\8-2-build-windows-amd64-cygwin\jdk8u131\8869\hotspot\src\share\vm\classfile\systemDictionary.cpp, line 210]

Events (10 events):
Event: 11.626 loading class com/sun/tools/javac/code/Symbol$Visitor
Event: 11.626 loading class com/sun/tools/javac/code/Symbol$Visitor done
Event: 11.627 loading class com/sun/tools/javac/util/AbstractDiagnosticFormatter$1
Event: 11.627 loading class com/sun/tools/javac/util/AbstractDiagnosticFormatter$1 done
Event: 11.652 loading class com/sun/tools/javac/api/DiagnosticFormatter$Configuration
Event: 11.652 loading class com/sun/tools/javac/api/DiagnosticFormatter$Configuration done
Event: 11.653 loading class com/sun/tools/javac/tree/JCTree
Event: 11.653 loading class com/sun/tools/javac/tree/JCTree done
Event: 11.658 loading class com/sun/source/tree/Tree
Event: 11.658 loading class com/sun/source/tree/Tree done


Dynamic libraries:
0x00007ff720260000 - 0x00007ff720297000 	C:\UPStudies\COS730\software\Java_1.8 JDK Portable\Java_1.8\bin\java.exe
0x00007ffadff70000 - 0x00007ffae0165000 	C:\WINDOWS\SYSTEM32\ntdll.dll
0x00007ffadf5d0000 - 0x00007ffadf68d000 	C:\WINDOWS\System32\KERNEL32.DLL
0x00007ffadd8e0000 - 0x00007ffaddba8000 	C:\WINDOWS\System32\KERNELBASE.dll
0x00007ffadf520000 - 0x00007ffadf5cc000 	C:\WINDOWS\System32\ADVAPI32.dll
0x00007ffadeee0000 - 0x00007ffadef7e000 	C:\WINDOWS\System32\msvcrt.dll
0x00007ffadf740000 - 0x00007ffadf7db000 	C:\WINDOWS\System32\sechost.dll
0x00007ffadef80000 - 0x00007ffadf0ab000 	C:\WINDOWS\System32\RPCRT4.dll
0x00007ffadf380000 - 0x00007ffadf520000 	C:\WINDOWS\System32\USER32.dll
0x00007ffadde40000 - 0x00007ffadde62000 	C:\WINDOWS\System32\win32u.dll
0x00007ffade470000 - 0x00007ffade49a000 	C:\WINDOWS\System32\GDI32.dll
0x00007ffaddd30000 - 0x00007ffadde3b000 	C:\WINDOWS\System32\gdi32full.dll
0x00007ffadd6e0000 - 0x00007ffadd77d000 	C:\WINDOWS\System32\msvcp_win.dll
0x00007ffadd7e0000 - 0x00007ffadd8e0000 	C:\WINDOWS\System32\ucrtbase.dll
0x00007ffadc270000 - 0x00007ffadc50a000 	C:\WINDOWS\WinSxS\amd64_microsoft.windows.common-controls_6595b64144ccf1df_6.0.19041.844_none_ca00b6081b84eb1d\COMCTL32.dll
0x00007ffadf340000 - 0x00007ffadf370000 	C:\WINDOWS\System32\IMM32.DLL
0x00007ffaa2410000 - 0x00007ffaa24b4000 	C:\Program Files\McAfee\Endpoint Security\Threat Prevention\Ips\EpMPApi.dll
0x00007ffadd780000 - 0x00007ffadd7e0000 	C:\WINDOWS\System32\WINTRUST.dll
0x00007ffadde70000 - 0x00007ffaddfcf000 	C:\WINDOWS\System32\CRYPT32.dll
0x00007ffadd2a0000 - 0x00007ffadd2b2000 	C:\WINDOWS\SYSTEM32\MSASN1.dll
0x00000000726b0000 - 0x00000000726bc000 	C:\Program Files\McAfee\Endpoint Security\Threat Prevention\Ips\EpMPThe.dll
0x00007ffab0030000 - 0x00007ffab0089000 	C:\Program Files\McAfee\Endpoint Security\Threat Prevention\Ips\HIPHandlers64.dll
0x00007ffadeab0000 - 0x00007ffadeb05000 	C:\WINDOWS\System32\SHLWAPI.dll
0x00007ffad4ce0000 - 0x00007ffad4ec4000 	C:\WINDOWS\SYSTEM32\dbghelp.dll
0x0000000072a40000 - 0x0000000072b12000 	C:\UPStudies\COS730\software\Java_1.8 JDK Portable\Java_1.8\jre\bin\msvcr100.dll
0x00000000711d0000 - 0x0000000071a6c000 	C:\UPStudies\COS730\software\Java_1.8 JDK Portable\Java_1.8\jre\bin\server\jvm.dll
0x00007ffadeb10000 - 0x00007ffadeb18000 	C:\WINDOWS\System32\PSAPI.DLL
0x00007ffabf060000 - 0x00007ffabf069000 	C:\WINDOWS\SYSTEM32\WSOCK32.dll
0x00007ffac9ed0000 - 0x00007ffac9ef7000 	C:\WINDOWS\SYSTEM32\WINMM.dll
0x00007ffadec50000 - 0x00007ffadecbb000 	C:\WINDOWS\System32\WS2_32.dll
0x00007ffadbba0000 - 0x00007ffadbbaa000 	C:\WINDOWS\SYSTEM32\VERSION.dll
0x0000000073d00000 - 0x0000000073d0f000 	C:\UPStudies\COS730\software\Java_1.8 JDK Portable\Java_1.8\jre\bin\verify.dll
0x0000000072a10000 - 0x0000000072a39000 	C:\UPStudies\COS730\software\Java_1.8 JDK Portable\Java_1.8\jre\bin\java.dll
0x0000000073ce0000 - 0x0000000073cf6000 	C:\UPStudies\COS730\software\Java_1.8 JDK Portable\Java_1.8\jre\bin\zip.dll
0x000000001d630000 - 0x000000001dd72000 	C:\WINDOWS\System32\SHELL32.dll
0x00007ffadb360000 - 0x00007ffadbaf0000 	C:\WINDOWS\SYSTEM32\windows.storage.dll
0x00007ffade110000 - 0x00007ffade465000 	C:\WINDOWS\System32\combase.dll
0x00007ffadd120000 - 0x00007ffadd14c000 	C:\WINDOWS\SYSTEM32\Wldp.dll
0x00007ffade970000 - 0x00007ffadea1e000 	C:\WINDOWS\System32\SHCORE.dll
0x00007ffadd5f0000 - 0x00007ffadd60f000 	C:\WINDOWS\SYSTEM32\profapi.dll
0x00007ffad90e0000 - 0x00007ffad90ea000 	C:\UPStudies\COS730\software\apache-maven-3.5.0\lib\jansi-native\windows64\jansi.dll
0x00000000724e0000 - 0x00000000724fa000 	C:\UPStudies\COS730\software\Java_1.8 JDK Portable\Java_1.8\jre\bin\net.dll
0x00007ffadce90000 - 0x00007ffadcefa000 	C:\WINDOWS\system32\mswsock.dll
0x00000000711b0000 - 0x00000000711c1000 	C:\UPStudies\COS730\software\Java_1.8 JDK Portable\Java_1.8\jre\bin\nio.dll

VM Arguments:
jvm_args: -Dclassworlds.conf=C:\UPStudies\COS730\software\apache-maven-3.5.0\bin\..\bin\m2.conf -Dmaven.home=C:\UPStudies\COS730\software\apache-maven-3.5.0\bin\.. -Dmaven.multiModuleProjectDirectory=C:\UPStudies\COS730\software\site-manager 
java_command: org.codehaus.plexus.classworlds.launcher.Launcher clean install
java_class_path (initial): C:\UPStudies\COS730\software\apache-maven-3.5.0\bin\..\boot\plexus-classworlds-2.5.2.jar
Launcher Type: SUN_STANDARD

Environment Variables:
JAVA_HOME=C:\UPStudies\COS730\software\Java_1.8 JDK Portable\Java_1.8
PATH=C:\ActiveTcl\bin;C:\app\alengwat\product\12.2.0\client_1\bin;C:\app\alengwat\product\12.2.0\client_1\product\12.2.0\client_1\bin;C:\app\client\alengwat\product\12.2.0\client_1\bin;C:\app\alengwat\product\12.2.0\client_2;C:\app\alengwat\product\12.2.0\client_1;C:\app\alengwat\product\11.2.0\client_3\bin;C:\app\alengwat\product\11.2.0\client_2\bin;C:\app\alengwat\product\11.2.0\client_1;C:\ProgramData\Oracle\Java\javapath;C:\WINDOWS\system32;C:\WINDOWS;C:\WINDOWS\System32\Wbem;C:\WINDOWS\System32\WindowsPowerShell\v1.0\;C:\WINDOWS\System32\OpenSSH\;C:\Program Files\dotnet\;C:\Program Files\Intel\WiFi\bin\;C:\Program Files\Common Files\Intel\WirelessCommon\;C:\cygwin64\bin;C:\Program Files\Microsoft SQL Server\130\Tools\Binn\;C:\Program Files\Microsoft SQL Server\Client SDK\ODBC\170\Tools\Binn\;C:\Program Files (x86)\Intel\Intel(R) Management Engine Components\DAL;C:\Program Files\Intel\Intel(R) Management Engine Components\DAL;C:\Program Files (x86)\Microsoft SQL Server\150\DTS\Binn\;C:\Program Files\Azure Data Studio\bin;C:\Program Files (x86)\Sennheiser\SenncomSDK\;C:\Program Files\Git\cmd;C:\Program Files\nodejs\;C:\ProgramData\chocolatey\bin;C:\Users\alengwat\AppData\Local\Programs\Python\Python38-32\Scripts\;C:\Users\alengwat\AppData\Local\Programs\Python\Python38-32\;C:\Users\alengwat\AppData\Local\Microsoft\WindowsApps;C:\Program Files\Intel\WiFi\bin\;C:\Program Files\Common Files\Intel\WirelessCommon\;C:\MinGW\mingw64\bin;C:\MinGW;C:\Users\alengwat\AppData\Local\Programs\Microsoft VS Code\bin;C:\Program Files\Azure Data Studio\bin;C:\Users\alengwat\.dotnet\tools;C:\UPStudies\COS730\software\Java_1.8 JDK Portable\Java_1.8\bin;C:\UPStudies\COS730\software\apache-maven-3.5.0\bin;C:\Users\alengwat\AppData\Local\GitHubDesktop\bin;C:\Users\alengwat\AppData\Roaming\npm
USERNAME=alengwat
OS=Windows_NT
PROCESSOR_IDENTIFIER=Intel64 Family 6 Model 142 Stepping 9, GenuineIntel



---------------  S Y S T E M  ---------------

OS: Windows 10.0 , 64 bit Build 19041 (10.0.19041.928)

CPU:total 4 (initial active 4) (2 cores per cpu, 2 threads per core) family 6 model 142 stepping 9, cmov, cx8, fxsr, mmx, sse, sse2, sse3, ssse3, sse4.1, sse4.2, popcnt, avx, avx2, aes, clmul, erms, rtm, 3dnowpref, lzcnt, ht, tsc, tscinvbit, bmi1, bmi2, adx

Memory: 4k page, physical 16607972k(4189512k free), swap 17119972k(4156k free)

vm_info: Java HotSpot(TM) 64-Bit Server VM (25.131-b11) for windows-amd64 JRE (1.8.0_131-b11), built on Mar 15 2017 01:23:53 by "java_re" with MS VC++ 10.0 (VS2010)

time: Fri Jun 04 23:40:07 2021
elapsed time: 11 seconds (0d 0h 0m 11s)

