#
# There is insufficient memory for the Java Runtime Environment to continue.
# Native memory allocation (malloc) failed to allocate 1059056 bytes for Chunk::new
# Possible reasons:
#   The system is out of physical RAM or swap space
#   In 32 bit mode, the process size limit was hit
# Possible solutions:
#   Reduce memory load on the system
#   Increase physical memory or swap space
#   Check if swap backing store is full
#   Use 64 bit Java on a 64 bit OS
#   Decrease Java heap size (-Xmx/-Xms)
#   Decrease number of Java threads
#   Decrease Java thread stack sizes (-Xss)
#   Set larger code cache with -XX:ReservedCodeCacheSize=
# This output file may be truncated or incomplete.
#
#  Out of Memory Error (allocation.cpp:390), pid=12552, tid=0x0000000000000598
#
# JRE version: Java(TM) SE Runtime Environment (8.0_131-b11) (build 1.8.0_131-b11)
# Java VM: Java HotSpot(TM) 64-Bit Server VM (25.131-b11 mixed mode windows-amd64 compressed oops)
# Failed to write core dump. Minidumps are not enabled by default on client versions of Windows
#

---------------  T H R E A D  ---------------

Current thread (0x000000001c168000):  JavaThread "C2 CompilerThread1" daemon [_thread_in_native, id=1432, stack(0x000000001e020000,0x000000001e120000)]

Stack: [0x000000001e020000,0x000000001e120000]
[error occurred during error reporting (printing stack bounds), id 0xc0000005]

Native frames: (J=compiled Java code, j=interpreted, Vv=VM code, C=native code)


Current CompileTask:
C2:  11574 3566       4       java.net.URLClassLoader$1::run (5 bytes)


---------------  P R O C E S S  ---------------

Java Threads: ( => current thread )
  0x000000001e238800 JavaThread "Service Thread" daemon [_thread_blocked, id=3864, stack(0x000000001e620000,0x000000001e720000)]
  0x000000001c16b800 JavaThread "C1 CompilerThread2" daemon [_thread_blocked, id=16756, stack(0x000000001e120000,0x000000001e220000)]
=>0x000000001c168000 JavaThread "C2 CompilerThread1" daemon [_thread_in_native, id=1432, stack(0x000000001e020000,0x000000001e120000)]
  0x000000001c162800 JavaThread "C2 CompilerThread0" daemon [_thread_blocked, id=26904, stack(0x000000001df20000,0x000000001e020000)]
  0x000000001c160800 JavaThread "Attach Listener" daemon [_thread_blocked, id=8832, stack(0x000000001de20000,0x000000001df20000)]
  0x000000001c15f000 JavaThread "Signal Dispatcher" daemon [_thread_blocked, id=8836, stack(0x000000001dd20000,0x000000001de20000)]
  0x000000001c14a800 JavaThread "Finalizer" daemon [_thread_blocked, id=828, stack(0x000000001d3d0000,0x000000001d4d0000)]
  0x0000000002c01800 JavaThread "Reference Handler" daemon [_thread_blocked, id=23556, stack(0x000000001d2d0000,0x000000001d3d0000)]
  0x0000000002b12800 JavaThread "main" [_thread_in_vm, id=6796, stack(0x0000000002970000,0x0000000002a70000)]

Other Threads:
  0x000000001c128000 VMThread [stack: 0x000000001d1d0000,0x000000001d2d0000] [id=22940]
  0x000000001e23c000 WatcherThread [stack: 0x000000001e720000,0x000000001e820000] [id=7344]

VM state:not at safepoint (normal execution)

VM Mutex/Monitor currently owned by a thread: None

Heap:
 PSYoungGen      total 75776K, used 68643K [0x000000076b800000, 0x0000000770c80000, 0x00000007c0000000)
  eden space 65024K, 89% used [0x000000076b800000,0x000000076f090f80,0x000000076f780000)
  from space 10752K, 99% used [0x000000076f780000,0x00000007701f8020,0x0000000770200000)
  to   space 10752K, 0% used [0x0000000770200000,0x0000000770200000,0x0000000770c80000)
 ParOldGen       total 173568K, used 49147K [0x00000006c2800000, 0x00000006cd180000, 0x000000076b800000)
  object space 173568K, 28% used [0x00000006c2800000,0x00000006c57fef00,0x00000006cd180000)
 Metaspace       used 19486K, capacity 19976K, committed 20224K, reserved 1067008K
  class space    used 2288K, capacity 2456K, committed 2560K, reserved 1048576K

Card table byte_map: [0x0000000011fd0000,0x00000000127c0000] byte_map_base: 0x000000000e9bc000

Marking Bits: (ParMarkBitMap*) 0x00000000719ec720
 Begin Bits: [0x0000000013110000, 0x0000000017070000)
 End Bits:   [0x0000000017070000, 0x000000001afd0000)

Polling page: 0x0000000002530000

CodeCache: size=245760Kb used=13551Kb max_used=13551Kb free=232208Kb
 bounds [0x0000000002c10000, 0x0000000003960000, 0x0000000011c10000]
 total_blobs=3940 nmethods=3554 adapters=298
 compilation: enabled

Compilation events (10 events):
Event: 11.539 Thread 0x000000001c16b800 3581       3       com.sun.tools.javac.util.List::nil (4 bytes)
Event: 11.539 Thread 0x000000001c16b800 nmethod 3581 0x0000000003955e50 code [0x0000000003955fa0, 0x00000000039560d0]
Event: 11.539 Thread 0x000000001c16b800 3582       3       com.sun.tools.javac.util.ArrayUtils::ensureCapacity (30 bytes)
Event: 11.540 Thread 0x000000001c16b800 nmethod 3582 0x0000000003956150 code [0x00000000039562e0, 0x0000000003956688]
Event: 11.540 Thread 0x000000001c16b800 3583       3       com.sun.tools.javac.code.AnnoConstruct::<init> (5 bytes)
Event: 11.540 Thread 0x000000001c16b800 nmethod 3583 0x0000000003956810 code [0x0000000003956960, 0x0000000003956b10]
Event: 11.540 Thread 0x000000001c16b800 3585       3       com.sun.tools.javac.util.List::<init> (15 bytes)
Event: 11.540 Thread 0x000000001c16b800 nmethod 3585 0x0000000003956bd0 code [0x0000000003956d40, 0x0000000003956f90]
Event: 11.540 Thread 0x000000001c16b800 3584       3       com.sun.tools.javac.util.Names::fromString (9 bytes)
Event: 11.540 Thread 0x000000001c16b800 nmethod 3584 0x0000000003957090 code [0x0000000003957220, 0x0000000003957758]

GC Heap History (10 events):
Event: 2.815 GC heap before
{Heap before GC invocations=1 (full 0):
 PSYoungGen      total 75776K, used 65024K [0x000000076b800000, 0x0000000770c80000, 0x00000007c0000000)
  eden space 65024K, 100% used [0x000000076b800000,0x000000076f780000,0x000000076f780000)
  from space 10752K, 0% used [0x0000000770200000,0x0000000770200000,0x0000000770c80000)
  to   space 10752K, 0% used [0x000000076f780000,0x000000076f780000,0x0000000770200000)
 ParOldGen       total 173568K, used 0K [0x00000006c2800000, 0x00000006cd180000, 0x000000076b800000)
  object space 173568K, 0% used [0x00000006c2800000,0x00000006c2800000,0x00000006cd180000)
 Metaspace       used 11749K, capacity 11944K, committed 12160K, reserved 1060864K
  class space    used 1471K, capacity 1572K, committed 1664K, reserved 1048576K
Event: 2.832 GC heap after
Heap after GC invocations=1 (full 0):
 PSYoungGen      total 75776K, used 10120K [0x000000076b800000, 0x0000000770c80000, 0x00000007c0000000)
  eden space 65024K, 0% used [0x000000076b800000,0x000000076b800000,0x000000076f780000)
  from space 10752K, 94% used [0x000000076f780000,0x0000000770162048,0x0000000770200000)
  to   space 10752K, 0% used [0x0000000770200000,0x0000000770200000,0x0000000770c80000)
 ParOldGen       total 173568K, used 16K [0x00000006c2800000, 0x00000006cd180000, 0x000000076b800000)
  object space 173568K, 0% used [0x00000006c2800000,0x00000006c2804000,0x00000006cd180000)
 Metaspace       used 11749K, capacity 11944K, committed 12160K, reserved 1060864K
  class space    used 1471K, capacity 1572K, committed 1664K, reserved 1048576K
}
Event: 5.000 GC heap before
{Heap before GC invocations=2 (full 0):
 PSYoungGen      total 75776K, used 75144K [0x000000076b800000, 0x0000000770c80000, 0x00000007c0000000)
  eden space 65024K, 100% used [0x000000076b800000,0x000000076f780000,0x000000076f780000)
  from space 10752K, 94% used [0x000000076f780000,0x0000000770162048,0x0000000770200000)
  to   space 10752K, 0% used [0x0000000770200000,0x0000000770200000,0x0000000770c80000)
 ParOldGen       total 173568K, used 16K [0x00000006c2800000, 0x00000006cd180000, 0x000000076b800000)
  object space 173568K, 0% used [0x00000006c2800000,0x00000006c2804000,0x00000006cd180000)
 Metaspace       used 14960K, capacity 15206K, committed 15488K, reserved 1062912K
  class space    used 1820K, capacity 1913K, committed 1920K, reserved 1048576K
Event: 5.022 GC heap after
Heap after GC invocations=2 (full 0):
 PSYoungGen      total 75776K, used 10749K [0x000000076b800000, 0x0000000770c80000, 0x00000007c0000000)
  eden space 65024K, 0% used [0x000000076b800000,0x000000076b800000,0x000000076f780000)
  from space 10752K, 99% used [0x0000000770200000,0x0000000770c7f6c0,0x0000000770c80000)
  to   space 10752K, 0% used [0x000000076f780000,0x000000076f780000,0x0000000770200000)
 ParOldGen       total 173568K, used 993K [0x00000006c2800000, 0x00000006cd180000, 0x000000076b800000)
  object space 173568K, 0% used [0x00000006c2800000,0x00000006c28f86f8,0x00000006cd180000)
 Metaspace       used 14960K, capacity 15206K, committed 15488K, reserved 1062912K
  class space    used 1820K, capacity 1913K, committed 1920K, reserved 1048576K
}
Event: 6.280 GC heap before
{Heap before GC invocations=3 (full 0):
 PSYoungGen      total 75776K, used 75773K [0x000000076b800000, 0x0000000770c80000, 0x00000007c0000000)
  eden space 65024K, 100% used [0x000000076b800000,0x000000076f780000,0x000000076f780000)
  from space 10752K, 99% used [0x0000000770200000,0x0000000770c7f6c0,0x0000000770c80000)
  to   space 10752K, 0% used [0x000000076f780000,0x000000076f780000,0x0000000770200000)
 ParOldGen       total 173568K, used 993K [0x00000006c2800000, 0x00000006cd180000, 0x000000076b800000)
  object space 173568K, 0% used [0x00000006c2800000,0x00000006c28f86f8,0x00000006cd180000)
 Metaspace       used 15282K, capacity 15570K, committed 15872K, reserved 1062912K
  class space    used 1837K, capacity 1947K, committed 2048K, reserved 1048576K
Event: 6.314 GC heap after
Heap after GC invocations=3 (full 0):
 PSYoungGen      total 75776K, used 10752K [0x000000076b800000, 0x0000000770c80000, 0x00000007c0000000)
  eden space 65024K, 0% used [0x000000076b800000,0x000000076b800000,0x000000076f780000)
  from space 10752K, 100% used [0x000000076f780000,0x0000000770200000,0x0000000770200000)
  to   space 10752K, 0% used [0x0000000770200000,0x0000000770200000,0x0000000770c80000)
 ParOldGen       total 173568K, used 8029K [0x00000006c2800000, 0x00000006cd180000, 0x000000076b800000)
  object space 173568K, 4% used [0x00000006c2800000,0x00000006c2fd77b8,0x00000006cd180000)
 Metaspace       used 15282K, capacity 15570K, committed 15872K, reserved 1062912K
  class space    used 1837K, capacity 1947K, committed 2048K, reserved 1048576K
}
Event: 8.666 GC heap before
{Heap before GC invocations=4 (full 0):
 PSYoungGen      total 75776K, used 75776K [0x000000076b800000, 0x0000000770c80000, 0x00000007c0000000)
  eden space 65024K, 100% used [0x000000076b800000,0x000000076f780000,0x000000076f780000)
  from space 10752K, 100% used [0x000000076f780000,0x0000000770200000,0x0000000770200000)
  to   space 10752K, 0% used [0x0000000770200000,0x0000000770200000,0x0000000770c80000)
 ParOldGen       total 173568K, used 8029K [0x00000006c2800000, 0x00000006cd180000, 0x000000076b800000)
  object space 173568K, 4% used [0x00000006c2800000,0x00000006c2fd77b8,0x00000006cd180000)
 Metaspace       used 15905K, capacity 16170K, committed 16384K, reserved 1062912K
  class space    used 1873K, capacity 1951K, committed 2048K, reserved 1048576K
Event: 8.703 GC heap after
Heap after GC invocations=4 (full 0):
 PSYoungGen      total 75776K, used 10736K [0x000000076b800000, 0x0000000770c80000, 0x00000007c0000000)
  eden space 65024K, 0% used [0x000000076b800000,0x000000076b800000,0x000000076f780000)
  from space 10752K, 99% used [0x0000000770200000,0x0000000770c7c010,0x0000000770c80000)
  to   space 10752K, 0% used [0x000000076f780000,0x000000076f780000,0x0000000770200000)
 ParOldGen       total 173568K, used 15727K [0x00000006c2800000, 0x00000006cd180000, 0x000000076b800000)
  object space 173568K, 9% used [0x00000006c2800000,0x00000006c375bf70,0x00000006cd180000)
 Metaspace       used 15905K, capacity 16170K, committed 16384K, reserved 1062912K
  class space    used 1873K, capacity 1951K, committed 2048K, reserved 1048576K
}
Event: 10.033 GC heap before
{Heap before GC invocations=5 (full 0):
 PSYoungGen      total 75776K, used 71439K [0x000000076b800000, 0x0000000770c80000, 0x00000007c0000000)
  eden space 65024K, 93% used [0x000000076b800000,0x000000076f347e10,0x000000076f780000)
  from space 10752K, 99% used [0x0000000770200000,0x0000000770c7c010,0x0000000770c80000)
  to   space 10752K, 0% used [0x000000076f780000,0x000000076f780000,0x0000000770200000)
 ParOldGen       total 173568K, used 15727K [0x00000006c2800000, 0x00000006cd180000, 0x000000076b800000)
  object space 173568K, 9% used [0x00000006c2800000,0x00000006c375bf70,0x00000006cd180000)
 Metaspace       used 17114K, capacity 17506K, committed 17792K, reserved 1064960K
  class space    used 1996K, capacity 2119K, committed 2176K, reserved 1048576K
Event: 10.069 GC heap after
Heap after GC invocations=5 (full 0):
 PSYoungGen      total 75776K, used 10720K [0x000000076b800000, 0x0000000770c80000, 0x00000007c0000000)
  eden space 65024K, 0% used [0x000000076b800000,0x000000076b800000,0x000000076f780000)
  from space 10752K, 99% used [0x000000076f780000,0x00000007701f8020,0x0000000770200000)
  to   space 10752K, 0% used [0x0000000770200000,0x0000000770200000,0x0000000770c80000)
 ParOldGen       total 173568K, used 49147K [0x00000006c2800000, 0x00000006cd180000, 0x000000076b800000)
  object space 173568K, 28% used [0x00000006c2800000,0x00000006c57fef00,0x00000006cd180000)
 Metaspace       used 17114K, capacity 17506K, committed 17792K, reserved 1064960K
  class space    used 1996K, capacity 2119K, committed 2176K, reserved 1048576K
}

Deoptimization events (10 events):
Event: 9.571 Thread 0x0000000002b12800 Uncommon trap: reason=unstable_if action=reinterpret pc=0x0000000003552fc0 method=org.codehaus.plexus.util.StringUtils.isNotEmpty(Ljava/lang/String;)Z @ 8
Event: 9.572 Thread 0x0000000002b12800 Uncommon trap: reason=class_check action=maybe_recompile pc=0x00000000036a411c method=org.eclipse.sisu.wire.EntryListAdapter$ValueIterator.hasNext()Z @ 4
Event: 9.667 Thread 0x0000000002b12800 Uncommon trap: reason=unstable_if action=reinterpret pc=0x0000000003166ecc method=sun.net.www.protocol.jar.Handler.parseURL(Ljava/net/URL;Ljava/lang/String;II)V @ 94
Event: 9.673 Thread 0x0000000002b12800 Uncommon trap: reason=unstable_if action=reinterpret pc=0x0000000002ea2700 method=java.io.Reader.read()I @ 12
Event: 9.837 Thread 0x0000000002b12800 Uncommon trap: reason=bimorphic action=maybe_recompile pc=0x00000000031bf660 method=java.util.regex.Pattern$CharProperty.match(Ljava/util/regex/Matcher;ILjava/lang/CharSequence;)Z @ 37
Event: 10.080 Thread 0x0000000002b12800 Uncommon trap: reason=class_check action=maybe_recompile pc=0x00000000031beb74 method=sun.nio.cs.UTF_8.updatePositions(Ljava/nio/Buffer;ILjava/nio/Buffer;I)V @ 3
Event: 10.989 Thread 0x0000000002b12800 Uncommon trap: reason=class_check action=maybe_recompile pc=0x00000000036a411c method=org.eclipse.sisu.wire.EntryListAdapter$ValueIterator.hasNext()Z @ 4
Event: 11.179 Thread 0x0000000002b12800 Uncommon trap: reason=bimorphic action=maybe_recompile pc=0x00000000031bf660 method=java.util.regex.Pattern$CharProperty.match(Ljava/util/regex/Matcher;ILjava/lang/CharSequence;)Z @ 37
Event: 11.188 Thread 0x0000000002b12800 Uncommon trap: reason=unstable_if action=reinterpret pc=0x000000000341bb84 method=com.google.inject.internal.InjectorImpl.callInContext(Lcom/google/inject/internal/ContextualCallable;)Ljava/lang/Object; @ 161
Event: 11.360 Thread 0x0000000002b12800 Uncommon trap: reason=unstable_if action=reinterpret pc=0x0000000002d30008 method=java.net.URI.match(CJJ)Z @ 19

Internal exceptions (10 events):
Event: 5.349 Thread 0x0000000002b12800 Implicit null exception at 0x00000000033fcd03 to 0x00000000033fcf4d
Event: 6.573 Thread 0x0000000002b12800 Implicit null exception at 0x0000000002fea5d5 to 0x0000000002fea7d9
Event: 6.573 Thread 0x0000000002b12800 Implicit null exception at 0x0000000002f9dd6f to 0x0000000002f9ddd9
Event: 6.577 Thread 0x0000000002b12800 Implicit null exception at 0x00000000032f94ce to 0x00000000032f9779
Event: 6.577 Thread 0x0000000002b12800 Implicit null exception at 0x00000000031d84f7 to 0x00000000031d8d11
Event: 6.577 Thread 0x0000000002b12800 Implicit null exception at 0x0000000002f750fb to 0x0000000002f756f9
Event: 6.617 Thread 0x0000000002b12800 Implicit null exception at 0x00000000033c930f to 0x00000000033c982d
Event: 9.191 Thread 0x0000000002b12800 Implicit null exception at 0x000000000376aed2 to 0x000000000376d749
Event: 11.188 Thread 0x0000000002b12800 Implicit null exception at 0x000000000341a8f7 to 0x000000000341bb65
Event: 11.360 Thread 0x0000000002b12800 Exception <a 'java/lang/ClassNotFoundException': com/sun/tools/javac/api/JavacTool> (0x000000076eb142a8) thrown at [C:\re\workspace\8-2-build-windows-amd64-cygwin\jdk8u131\8869\hotspot\src\share\vm\classfile\systemDictionary.cpp, line 210]

Events (10 events):
Event: 11.561 loading class com/sun/tools/javac/code/Types$DescriptorCache$1
Event: 11.561 loading class com/sun/tools/javac/code/Types$DescriptorCache$1 done
Event: 11.561 loading class com/sun/tools/javac/util/JCDiagnostic
Event: 11.561 loading class com/sun/tools/javac/util/JCDiagnostic done
Event: 11.562 loading class com/sun/tools/javac/util/JCDiagnostic$MultilineDiagnostic
Event: 11.562 loading class com/sun/tools/javac/util/JCDiagnostic$MultilineDiagnostic done
Event: 11.562 loading class com/sun/tools/javac/code/Types$3
Event: 11.562 loading class com/sun/tools/javac/code/Types$3 done
Event: 11.565 loading class com/sun/tools/javac/code/Type$ErasedClassType
Event: 11.565 loading class com/sun/tools/javac/code/Type$ErasedClassType done


Dynamic libraries:
0x00007ff720260000 - 0x00007ff720297000 	C:\UPStudies\COS730\software\Java_1.8 JDK Portable\Java_1.8\bin\java.exe
0x00007ffadff70000 - 0x00007ffae0165000 	C:\WINDOWS\SYSTEM32\ntdll.dll
0x00007ffadf5d0000 - 0x00007ffadf68d000 	C:\WINDOWS\System32\KERNEL32.DLL
0x00007ffadd8e0000 - 0x00007ffaddba8000 	C:\WINDOWS\System32\KERNELBASE.dll
0x00007ffadf520000 - 0x00007ffadf5cc000 	C:\WINDOWS\System32\ADVAPI32.dll
0x00007ffadeee0000 - 0x00007ffadef7e000 	C:\WINDOWS\System32\msvcrt.dll
0x00007ffadf740000 - 0x00007ffadf7db000 	C:\WINDOWS\System32\sechost.dll
0x00007ffadef80000 - 0x00007ffadf0ab000 	C:\WINDOWS\System32\RPCRT4.dll
0x00007ffadf380000 - 0x00007ffadf520000 	C:\WINDOWS\System32\USER32.dll
0x00007ffadde40000 - 0x00007ffadde62000 	C:\WINDOWS\System32\win32u.dll
0x00007ffade470000 - 0x00007ffade49a000 	C:\WINDOWS\System32\GDI32.dll
0x00007ffaddd30000 - 0x00007ffadde3b000 	C:\WINDOWS\System32\gdi32full.dll
0x00007ffadd6e0000 - 0x00007ffadd77d000 	C:\WINDOWS\System32\msvcp_win.dll
0x00007ffadd7e0000 - 0x00007ffadd8e0000 	C:\WINDOWS\System32\ucrtbase.dll
0x00007ffadc270000 - 0x00007ffadc50a000 	C:\WINDOWS\WinSxS\amd64_microsoft.windows.common-controls_6595b64144ccf1df_6.0.19041.844_none_ca00b6081b84eb1d\COMCTL32.dll
0x00007ffadf340000 - 0x00007ffadf370000 	C:\WINDOWS\System32\IMM32.DLL
0x00007ffaa2410000 - 0x00007ffaa24b4000 	C:\Program Files\McAfee\Endpoint Security\Threat Prevention\Ips\EpMPApi.dll
0x00007ffadd780000 - 0x00007ffadd7e0000 	C:\WINDOWS\System32\WINTRUST.dll
0x00007ffadde70000 - 0x00007ffaddfcf000 	C:\WINDOWS\System32\CRYPT32.dll
0x00007ffadd2a0000 - 0x00007ffadd2b2000 	C:\WINDOWS\SYSTEM32\MSASN1.dll
0x00000000726b0000 - 0x00000000726bc000 	C:\Program Files\McAfee\Endpoint Security\Threat Prevention\Ips\EpMPThe.dll
0x00007ffab0030000 - 0x00007ffab0089000 	C:\Program Files\McAfee\Endpoint Security\Threat Prevention\Ips\HIPHandlers64.dll
0x00007ffadeab0000 - 0x00007ffadeb05000 	C:\WINDOWS\System32\SHLWAPI.dll
0x00007ffad4ce0000 - 0x00007ffad4ec4000 	C:\WINDOWS\SYSTEM32\dbghelp.dll
0x0000000072a40000 - 0x0000000072b12000 	C:\UPStudies\COS730\software\Java_1.8 JDK Portable\Java_1.8\jre\bin\msvcr100.dll
0x00000000711d0000 - 0x0000000071a6c000 	C:\UPStudies\COS730\software\Java_1.8 JDK Portable\Java_1.8\jre\bin\server\jvm.dll
0x00007ffadeb10000 - 0x00007ffadeb18000 	C:\WINDOWS\System32\PSAPI.DLL
0x00007ffabf060000 - 0x00007ffabf069000 	C:\WINDOWS\SYSTEM32\WSOCK32.dll
0x00007ffac9ed0000 - 0x00007ffac9ef7000 	C:\WINDOWS\SYSTEM32\WINMM.dll
0x00007ffadec50000 - 0x00007ffadecbb000 	C:\WINDOWS\System32\WS2_32.dll
0x00007ffadbba0000 - 0x00007ffadbbaa000 	C:\WINDOWS\SYSTEM32\VERSION.dll
0x0000000073d00000 - 0x0000000073d0f000 	C:\UPStudies\COS730\software\Java_1.8 JDK Portable\Java_1.8\jre\bin\verify.dll
0x0000000072a10000 - 0x0000000072a39000 	C:\UPStudies\COS730\software\Java_1.8 JDK Portable\Java_1.8\jre\bin\java.dll
0x0000000073ce0000 - 0x0000000073cf6000 	C:\UPStudies\COS730\software\Java_1.8 JDK Portable\Java_1.8\jre\bin\zip.dll
0x000000001d5d0000 - 0x000000001dd12000 	C:\WINDOWS\System32\SHELL32.dll
0x00007ffadb360000 - 0x00007ffadbaf0000 	C:\WINDOWS\SYSTEM32\windows.storage.dll
0x00007ffade110000 - 0x00007ffade465000 	C:\WINDOWS\System32\combase.dll
0x00007ffadd120000 - 0x00007ffadd14c000 	C:\WINDOWS\SYSTEM32\Wldp.dll
0x00007ffade970000 - 0x00007ffadea1e000 	C:\WINDOWS\System32\SHCORE.dll
0x00007ffadd5f0000 - 0x00007ffadd60f000 	C:\WINDOWS\SYSTEM32\profapi.dll
0x00007ffad91a0000 - 0x00007ffad91aa000 	C:\UPStudies\COS730\software\apache-maven-3.5.0\lib\jansi-native\windows64\jansi.dll
0x00000000724e0000 - 0x00000000724fa000 	C:\UPStudies\COS730\software\Java_1.8 JDK Portable\Java_1.8\jre\bin\net.dll
0x00007ffadce90000 - 0x00007ffadcefa000 	C:\WINDOWS\system32\mswsock.dll
0x00000000711b0000 - 0x00000000711c1000 	C:\UPStudies\COS730\software\Java_1.8 JDK Portable\Java_1.8\jre\bin\nio.dll

VM Arguments:
jvm_args: -Dclassworlds.conf=C:\UPStudies\COS730\software\apache-maven-3.5.0\bin\..\bin\m2.conf -Dmaven.home=C:\UPStudies\COS730\software\apache-maven-3.5.0\bin\.. -Dmaven.multiModuleProjectDirectory=C:\UPStudies\COS730\software\site-manager 
java_command: org.codehaus.plexus.classworlds.launcher.Launcher spring-boot:run
java_class_path (initial): C:\UPStudies\COS730\software\apache-maven-3.5.0\bin\..\boot\plexus-classworlds-2.5.2.jar
Launcher Type: SUN_STANDARD

Environment Variables:
JAVA_HOME=C:\UPStudies\COS730\software\Java_1.8 JDK Portable\Java_1.8
PATH=C:\ActiveTcl\bin;C:\app\alengwat\product\12.2.0\client_1\bin;C:\app\alengwat\product\12.2.0\client_1\product\12.2.0\client_1\bin;C:\app\client\alengwat\product\12.2.0\client_1\bin;C:\app\alengwat\product\12.2.0\client_2;C:\app\alengwat\product\12.2.0\client_1;C:\app\alengwat\product\11.2.0\client_3\bin;C:\app\alengwat\product\11.2.0\client_2\bin;C:\app\alengwat\product\11.2.0\client_1;C:\ProgramData\Oracle\Java\javapath;C:\WINDOWS\system32;C:\WINDOWS;C:\WINDOWS\System32\Wbem;C:\WINDOWS\System32\WindowsPowerShell\v1.0\;C:\WINDOWS\System32\OpenSSH\;C:\Program Files\dotnet\;C:\Program Files\Intel\WiFi\bin\;C:\Program Files\Common Files\Intel\WirelessCommon\;C:\cygwin64\bin;C:\Program Files\Microsoft SQL Server\130\Tools\Binn\;C:\Program Files\Microsoft SQL Server\Client SDK\ODBC\170\Tools\Binn\;C:\Program Files (x86)\Intel\Intel(R) Management Engine Components\DAL;C:\Program Files\Intel\Intel(R) Management Engine Components\DAL;C:\Program Files (x86)\Microsoft SQL Server\150\DTS\Binn\;C:\Program Files\Azure Data Studio\bin;C:\Program Files (x86)\Sennheiser\SenncomSDK\;C:\Program Files\Git\cmd;C:\Program Files\nodejs\;C:\ProgramData\chocolatey\bin;C:\Users\alengwat\AppData\Local\Programs\Python\Python38-32\Scripts\;C:\Users\alengwat\AppData\Local\Programs\Python\Python38-32\;C:\Users\alengwat\AppData\Local\Microsoft\WindowsApps;C:\Program Files\Intel\WiFi\bin\;C:\Program Files\Common Files\Intel\WirelessCommon\;C:\MinGW\mingw64\bin;C:\MinGW;C:\Users\alengwat\AppData\Local\Programs\Microsoft VS Code\bin;C:\Program Files\Azure Data Studio\bin;C:\Users\alengwat\.dotnet\tools;C:\UPStudies\COS730\software\Java_1.8 JDK Portable\Java_1.8\bin;C:\UPStudies\COS730\software\apache-maven-3.5.0\bin;C:\Users\alengwat\AppData\Local\GitHubDesktop\bin;C:\Users\alengwat\AppData\Roaming\npm
USERNAME=alengwat
OS=Windows_NT
PROCESSOR_IDENTIFIER=Intel64 Family 6 Model 142 Stepping 9, GenuineIntel



---------------  S Y S T E M  ---------------

OS: Windows 10.0 , 64 bit Build 19041 (10.0.19041.928)

CPU:total 4 (initial active 4) (2 cores per cpu, 2 threads per core) family 6 model 142 stepping 9, cmov, cx8, fxsr, mmx, sse, sse2, sse3, ssse3, sse4.1, sse4.2, popcnt, avx, avx2, aes, clmul, erms, rtm, 3dnowpref, lzcnt, ht, tsc, tscinvbit, bmi1, bmi2, adx

Memory: 4k page, physical 16607972k(4061812k free), swap 17119972k(6160k free)

vm_info: Java HotSpot(TM) 64-Bit Server VM (25.131-b11) for windows-amd64 JRE (1.8.0_131-b11), built on Mar 15 2017 01:23:53 by "java_re" with MS VC++ 10.0 (VS2010)

time: Fri Jun 04 23:40:44 2021
elapsed time: 11 seconds (0d 0h 0m 11s)

