#
# There is insufficient memory for the Java Runtime Environment to continue.
# Native memory allocation (malloc) failed to allocate 1048576 bytes for AllocateHeap
# Possible reasons:
#   The system is out of physical RAM or swap space
#   In 32 bit mode, the process size limit was hit
# Possible solutions:
#   Reduce memory load on the system
#   Increase physical memory or swap space
#   Check if swap backing store is full
#   Use 64 bit Java on a 64 bit OS
#   Decrease Java heap size (-Xmx/-Xms)
#   Decrease number of Java threads
#   Decrease Java thread stack sizes (-Xss)
#   Set larger code cache with -XX:ReservedCodeCacheSize=
# This output file may be truncated or incomplete.
#
#  Out of Memory Error (memory/allocation.inline.hpp:61), pid=13360, tid=0x0000000000006fd0
#
# JRE version:  (8.0_131-b11) (build )
# Java VM: Java HotSpot(TM) 64-Bit Server VM (25.131-b11 mixed mode windows-amd64 compressed oops)
# Failed to write core dump. Minidumps are not enabled by default on client versions of Windows
#

---------------  T H R E A D  ---------------

Current thread (0x00000000028a4800):  JavaThread "Unknown thread" [_thread_in_vm, id=28624, stack(0x0000000002720000,0x0000000002820000)]

Stack: [0x0000000002720000,0x0000000002820000]
[error occurred during error reporting (printing stack bounds), id 0xc0000005]

Native frames: (J=compiled Java code, j=interpreted, Vv=VM code, C=native code)


---------------  P R O C E S S  ---------------

Java Threads: ( => current thread )

Other Threads:

=>0x00000000028a4800 (exited) JavaThread "Unknown thread" [_thread_in_vm, id=28624, stack(0x0000000002720000,0x0000000002820000)]

VM state:not at safepoint (normal execution)

VM Mutex/Monitor currently owned by a thread: None

Heap:
 PSYoungGen      total 75776K, used 1300K [0x000000076b800000, 0x0000000770c80000, 0x00000007c0000000)
  eden space 65024K, 2% used [0x000000076b800000,0x000000076b9451f8,0x000000076f780000)
  from space 10752K, 0% used [0x0000000770200000,0x0000000770200000,0x0000000770c80000)
  to   space 10752K, 0% used [0x000000076f780000,0x000000076f780000,0x0000000770200000)
 ParOldGen       total 173568K, used 0K [0x00000006c2800000, 0x00000006cd180000, 0x000000076b800000)
  object space 173568K, 0% used [0x00000006c2800000,0x00000006c2800000,0x00000006cd180000)
 Metaspace       used 783K, capacity 1092K, committed 1152K, reserved 1060864K
  class space    used 75K, capacity 384K, committed 384K, reserved 1048576K

Card table byte_map: [0x0000000011d60000,0x0000000012550000] byte_map_base: 0x000000000e74c000

Marking Bits: (ParMarkBitMap*) 0x0000000075c9c720
 Begin Bits: [0x0000000012ea0000, 0x0000000016e00000)
 End Bits:   [0x0000000016e00000, 0x000000001ad60000)

Polling page: 0x0000000000bb0000

CodeCache: size=245760Kb used=328Kb max_used=328Kb free=245431Kb
 bounds [0x00000000029a0000, 0x0000000002c10000, 0x00000000119a0000]
 total_blobs=58 nmethods=0 adapters=38
 compilation: enabled

Compilation events (0 events):
No events

GC Heap History (0 events):
No events

Deoptimization events (0 events):
No events

Internal exceptions (0 events):
No events

Events (10 events):
Event: 0.049 loading class java/lang/Short
Event: 0.050 loading class java/lang/Short done
Event: 0.050 loading class java/lang/Integer
Event: 0.050 loading class java/lang/Integer done
Event: 0.050 loading class java/lang/Long
Event: 0.050 loading class java/lang/Long done
Event: 0.051 loading class java/lang/NullPointerException
Event: 0.051 loading class java/lang/NullPointerException done
Event: 0.051 loading class java/lang/ArithmeticException
Event: 0.051 loading class java/lang/ArithmeticException done


Dynamic libraries:
0x00007ff64cd00000 - 0x00007ff64cd37000 	C:\UPStudies\COS730\software\Java_1.8 JDK Portable\Java_1.8\jre\bin\java.exe
0x00007ff875e70000 - 0x00007ff876065000 	C:\WINDOWS\SYSTEM32\ntdll.dll
0x00007ff873f60000 - 0x00007ff87401d000 	C:\WINDOWS\System32\KERNEL32.DLL
0x00007ff8738e0000 - 0x00007ff873ba8000 	C:\WINDOWS\System32\KERNELBASE.dll
0x00007ff875660000 - 0x00007ff87570c000 	C:\WINDOWS\System32\ADVAPI32.dll
0x00007ff874fa0000 - 0x00007ff87503e000 	C:\WINDOWS\System32\msvcrt.dll
0x00007ff8755c0000 - 0x00007ff87565b000 	C:\WINDOWS\System32\sechost.dll
0x00007ff8745a0000 - 0x00007ff8746cb000 	C:\WINDOWS\System32\RPCRT4.dll
0x00007ff875170000 - 0x00007ff875310000 	C:\WINDOWS\System32\USER32.dll
0x00007ff873bb0000 - 0x00007ff873bd2000 	C:\WINDOWS\System32\win32u.dll
0x00007ff873f30000 - 0x00007ff873f5a000 	C:\WINDOWS\System32\GDI32.dll
0x00007ff873be0000 - 0x00007ff873ceb000 	C:\WINDOWS\System32\gdi32full.dll
0x00007ff8735b0000 - 0x00007ff87364d000 	C:\WINDOWS\System32\msvcp_win.dll
0x00007ff873650000 - 0x00007ff873750000 	C:\WINDOWS\System32\ucrtbase.dll
0x00007ff872130000 - 0x00007ff8723ca000 	C:\WINDOWS\WinSxS\amd64_microsoft.windows.common-controls_6595b64144ccf1df_6.0.19041.844_none_ca00b6081b84eb1d\COMCTL32.dll
0x00007ff8747b0000 - 0x00007ff8747e0000 	C:\WINDOWS\System32\IMM32.DLL
0x00007ff859e00000 - 0x00007ff859ea4000 	C:\Program Files\McAfee\Endpoint Security\Threat Prevention\Ips\EpMPApi.dll
0x00007ff873e70000 - 0x00007ff873ed0000 	C:\WINDOWS\System32\WINTRUST.dll
0x00007ff873750000 - 0x00007ff8738af000 	C:\WINDOWS\System32\CRYPT32.dll
0x00007ff8731a0000 - 0x00007ff8731b2000 	C:\WINDOWS\SYSTEM32\MSASN1.dll
0x0000000050010000 - 0x000000005001c000 	C:\Program Files\McAfee\Endpoint Security\Threat Prevention\Ips\EpMPThe.dll
0x00007ff83e3c0000 - 0x00007ff83e419000 	C:\Program Files\McAfee\Endpoint Security\Threat Prevention\Ips\HIPHandlers64.dll
0x00007ff873ed0000 - 0x00007ff873f25000 	C:\WINDOWS\System32\SHLWAPI.dll
0x00007ff871830000 - 0x00007ff871a14000 	C:\WINDOWS\SYSTEM32\dbghelp.dll
0x0000000076260000 - 0x0000000076332000 	C:\UPStudies\COS730\software\Java_1.8 JDK Portable\Java_1.8\jre\bin\msvcr100.dll
0x0000000075480000 - 0x0000000075d1c000 	C:\UPStudies\COS730\software\Java_1.8 JDK Portable\Java_1.8\jre\bin\server\jvm.dll
0x00007ff870140000 - 0x00007ff870149000 	C:\WINDOWS\SYSTEM32\WSOCK32.dll
0x00007ff85f190000 - 0x00007ff85f1b7000 	C:\WINDOWS\SYSTEM32\WINMM.dll
0x00007ff8697d0000 - 0x00007ff8697da000 	C:\WINDOWS\SYSTEM32\VERSION.dll
0x00007ff875af0000 - 0x00007ff875b5b000 	C:\WINDOWS\System32\WS2_32.dll
0x00007ff874f90000 - 0x00007ff874f98000 	C:\WINDOWS\System32\PSAPI.DLL
0x0000000050a90000 - 0x0000000050a9f000 	C:\UPStudies\COS730\software\Java_1.8 JDK Portable\Java_1.8\jre\bin\verify.dll
0x0000000050a60000 - 0x0000000050a89000 	C:\UPStudies\COS730\software\Java_1.8 JDK Portable\Java_1.8\jre\bin\java.dll
0x00000000501a0000 - 0x00000000501b6000 	C:\UPStudies\COS730\software\Java_1.8 JDK Portable\Java_1.8\jre\bin\zip.dll

VM Arguments:
jvm_args: -Xverify:none -XX:TieredStopAtLevel=1 
java_command: za.co.aubling.demo.SiteManagerApplication
java_class_path (initial): C:\UPStudies\COS730\software\site-manager\target\classes;C:\Users\alengwat\.m2\repository\org\springframework\spring-aop\5.3.6\spring-aop-5.3.6.jar;C:\Users\alengwat\.m2\repository\org\aspectj\aspectjweaver\1.9.6\aspectjweaver-1.9.6.jar;C:\Users\alengwat\.m2\repository\com\zaxxer\HikariCP\3.4.5\HikariCP-3.4.5.jar;C:\Users\alengwat\.m2\repository\org\springframework\spring-jdbc\5.3.6\spring-jdbc-5.3.6.jar;C:\Users\alengwat\.m2\repository\jakarta\transaction\jakarta.transaction-api\1.3.3\jakarta.transaction-api-1.3.3.jar;C:\Users\alengwat\.m2\repository\jakarta\persistence\jakarta.persistence-api\2.2.3\jakarta.persistence-api-2.2.3.jar;C:\Users\alengwat\.m2\repository\org\hibernate\hibernate-core\5.4.30.Final\hibernate-core-5.4.30.Final.jar;C:\Users\alengwat\.m2\repository\org\jboss\logging\jboss-logging\3.4.1.Final\jboss-logging-3.4.1.Final.jar;C:\Users\alengwat\.m2\repository\org\javassist\javassist\3.27.0-GA\javassist-3.27.0-GA.jar;C:\Users\alengwat\.m2\repository\net\bytebuddy\byte-buddy\1.10.22\byte-buddy-1.10.22.jar;C:\Users\alengwat\.m2\repository\antlr\antlr\2.7.7\antlr-2.7.7.jar;C:\Users\alengwat\.m2\repository\org\jboss\jandex\2.2.3.Final\jandex-2.2.3.Final.jar;C:\Users\alengwat\.m2\repository\com\fasterxml\classmate\1.5.1\classmate-1.5.1.jar;C:\Users\alengwat\.m2\repository\org\dom4j\dom4j\2.1.3\dom4j-2.1.3.jar;C:\Users\alengwat\.m2\repository\org\hibernate\common\hibernate-commons-annotations\5.1.2.Final\hibernate-commons-annotations-5.1.2.Final.jar;C:\Users\alengwat\.m2\repository\org\glassfish\jaxb\jaxb-runtime\2.3.4\jaxb-runtime-2.3.4.jar;C:\Users\alengwat\.m2\repository\org\glassfish\jaxb\txw2\2.3.4\txw2-2.3.4.jar;C:\Users\alengwat\.m2\repository\com\sun\istack\istack-commons-runtime\3.0.12\istack-commons-runtime-3.0.12.jar;C:\Users\alengwat\.m2\repository\com\sun\activation\jakarta.activation\1.2.2\jakarta.activation-1.2.2.jar;C:\Users\alengwat\.m2\repository\org\springframework\data\spring-data-jpa\2.4.8\spring-data-jpa-2
Launcher Type: SUN_STANDARD

Environment Variables:
JAVA_HOME=C:\UPStudies\COS730\software\Java_1.8 JDK Portable\Java_1.8
PATH=C:\ActiveTcl\bin;C:\app\alengwat\product\12.2.0\client_1\bin;C:\app\alengwat\product\12.2.0\client_1\product\12.2.0\client_1\bin;C:\app\client\alengwat\product\12.2.0\client_1\bin;C:\app\alengwat\product\12.2.0\client_2;C:\app\alengwat\product\12.2.0\client_1;C:\app\alengwat\product\11.2.0\client_3\bin;C:\app\alengwat\product\11.2.0\client_2\bin;C:\app\alengwat\product\11.2.0\client_1;C:\ProgramData\Oracle\Java\javapath;C:\WINDOWS\system32;C:\WINDOWS;C:\WINDOWS\System32\Wbem;C:\WINDOWS\System32\WindowsPowerShell\v1.0\;C:\WINDOWS\System32\OpenSSH\;C:\Program Files\dotnet\;C:\Program Files\Intel\WiFi\bin\;C:\Program Files\Common Files\Intel\WirelessCommon\;C:\cygwin64\bin;C:\Program Files\Microsoft SQL Server\130\Tools\Binn\;C:\Program Files\Microsoft SQL Server\Client SDK\ODBC\170\Tools\Binn\;C:\Program Files (x86)\Intel\Intel(R) Management Engine Components\DAL;C:\Program Files\Intel\Intel(R) Management Engine Components\DAL;C:\Program Files (x86)\Microsoft SQL Server\150\DTS\Binn\;C:\Program Files\Azure Data Studio\bin;C:\Program Files (x86)\Sennheiser\SenncomSDK\;C:\Program Files\Git\cmd;C:\Program Files\nodejs\;C:\ProgramData\chocolatey\bin;C:\Users\alengwat\AppData\Local\Programs\Python\Python38-32\Scripts\;C:\Users\alengwat\AppData\Local\Programs\Python\Python38-32\;C:\Users\alengwat\AppData\Local\Microsoft\WindowsApps;C:\Program Files\Intel\WiFi\bin\;C:\Program Files\Common Files\Intel\WirelessCommon\;C:\MinGW\mingw64\bin;C:\MinGW;C:\Users\alengwat\AppData\Local\Programs\Microsoft VS Code\bin;C:\Program Files\Azure Data Studio\bin;C:\Users\alengwat\.dotnet\tools;C:\UPStudies\COS730\software\Java_1.8 JDK Portable\Java_1.8\bin;C:\UPStudies\COS730\software\apache-maven-3.5.0\bin;C:\Users\alengwat\AppData\Local\GitHubDesktop\bin;C:\Users\alengwat\AppData\Roaming\npm
USERNAME=alengwat
OS=Windows_NT
PROCESSOR_IDENTIFIER=Intel64 Family 6 Model 142 Stepping 9, GenuineIntel



---------------  S Y S T E M  ---------------

OS: Windows 10.0 , 64 bit Build 19041 (10.0.19041.928)

CPU:total 4 (initial active 4) (2 cores per cpu, 2 threads per core) family 6 model 142 stepping 9, cmov, cx8, fxsr, mmx, sse, sse2, sse3, ssse3, sse4.1, sse4.2, popcnt, avx, avx2, aes, clmul, erms, rtm, 3dnowpref, lzcnt, ht, tsc, tscinvbit, bmi1, bmi2, adx

Memory: 4k page, physical 16607972k(4467232k free), swap 17119972k(5844k free)

vm_info: Java HotSpot(TM) 64-Bit Server VM (25.131-b11) for windows-amd64 JRE (1.8.0_131-b11), built on Mar 15 2017 01:23:53 by "java_re" with MS VC++ 10.0 (VS2010)

time: Fri Jun 11 21:51:16 2021
elapsed time: 0 seconds (0d 0h 0m 0s)

